{"/Users/simonchan/Desktop/HR/description-module/client/src/index.jsx": {"path":"/Users/simonchan/Desktop/HR/description-module/client/src/index.jsx","statementMap":{"0":{"start":{"line":5,"column":0},"end":{"line":5,"column":79}}},"fnMap":{},"branchMap":{},"s":{"0":0},"f":{},"b":{}}
,"/Users/simonchan/Desktop/HR/description-module/client/src/components/app.jsx": {"path":"/Users/simonchan/Desktop/HR/description-module/client/src/components/app.jsx","statementMap":{"0":{"start":{"line":7,"column":4},"end":{"line":7,"column":17}},"1":{"start":{"line":9,"column":4},"end":{"line":12,"column":6}},"2":{"start":{"line":16,"column":4},"end":{"line":16,"column":16}},"3":{"start":{"line":20,"column":19},"end":{"line":20,"column":29}},"4":{"start":{"line":21,"column":23},"end":{"line":21,"column":33}},"5":{"start":{"line":22,"column":4},"end":{"line":27,"column":7}},"6":{"start":{"line":25,"column":24},"end":{"line":25,"column":56}},"7":{"start":{"line":26,"column":20},"end":{"line":26,"column":46}},"8":{"start":{"line":31,"column":21},"end":{"line":31,"column":31}},"9":{"start":{"line":32,"column":4},"end":{"line":36,"column":6}}},"fnMap":{"0":{"name":"(anonymous_0)","decl":{"start":{"line":6,"column":2},"end":{"line":6,"column":3}},"loc":{"start":{"line":6,"column":21},"end":{"line":13,"column":3}},"line":6},"1":{"name":"(anonymous_1)","decl":{"start":{"line":15,"column":2},"end":{"line":15,"column":3}},"loc":{"start":{"line":15,"column":22},"end":{"line":17,"column":3}},"line":15},"2":{"name":"(anonymous_2)","decl":{"start":{"line":19,"column":2},"end":{"line":19,"column":3}},"loc":{"start":{"line":19,"column":9},"end":{"line":28,"column":3}},"line":19},"3":{"name":"(anonymous_3)","decl":{"start":{"line":25,"column":15},"end":{"line":25,"column":16}},"loc":{"start":{"line":25,"column":24},"end":{"line":25,"column":56}},"line":25},"4":{"name":"(anonymous_4)","decl":{"start":{"line":26,"column":13},"end":{"line":26,"column":14}},"loc":{"start":{"line":26,"column":20},"end":{"line":26,"column":46}},"line":26},"5":{"name":"(anonymous_5)","decl":{"start":{"line":30,"column":2},"end":{"line":30,"column":3}},"loc":{"start":{"line":30,"column":11},"end":{"line":37,"column":3}},"line":30}},"branchMap":{"0":{"loc":{"start":{"line":34,"column":9},"end":{"line":34,"column":46}},"type":"cond-expr","locations":[{"start":{"line":34,"column":16},"end":{"line":34,"column":39}},{"start":{"line":34,"column":42},"end":{"line":34,"column":46}}],"line":34}},"s":{"0":2,"1":2,"2":2,"3":2,"4":2,"5":2,"6":0,"7":0,"8":3,"9":3},"f":{"0":2,"1":2,"2":2,"3":0,"4":0,"5":3},"b":{"0":[1,2]},"_coverageSchema":"43e27e138ebf9cfc5966b082cf9a028302ed4184","hash":"7a1e9d16423b034af5ab08dae5181cc6dfdb0cd7"}
,"/Users/simonchan/Desktop/HR/description-module/client/src/components/main.jsx": {"path":"/Users/simonchan/Desktop/HR/description-module/client/src/components/main.jsx","statementMap":{"0":{"start":{"line":7,"column":18},"end":{"line":7,"column":94}},"1":{"start":{"line":8,"column":18},"end":{"line":8,"column":27}},"2":{"start":{"line":10,"column":16},"end":{"line":19,"column":1}},"3":{"start":{"line":21,"column":17},"end":{"line":28,"column":1}},"4":{"start":{"line":30,"column":14},"end":{"line":36,"column":1}},"5":{"start":{"line":38,"column":13},"end":{"line":41,"column":1}},"6":{"start":{"line":43,"column":15},"end":{"line":47,"column":1}},"7":{"start":{"line":49,"column":13},"end":{"line":54,"column":1}},"8":{"start":{"line":56,"column":17},"end":{"line":61,"column":1}},"9":{"start":{"line":63,"column":19},"end":{"line":69,"column":1}},"10":{"start":{"line":71,"column":25},"end":{"line":75,"column":1}},"11":{"start":{"line":77,"column":21},"end":{"line":81,"column":1}},"12":{"start":{"line":83,"column":13},"end":{"line":88,"column":1}},"13":{"start":{"line":90,"column":13},"end":{"line":92,"column":1}},"14":{"start":{"line":94,"column":13},"end":{"line":99,"column":1}},"15":{"start":{"line":101,"column":16},"end":{"line":106,"column":1}},"16":{"start":{"line":110,"column":4},"end":{"line":110,"column":17}},"17":{"start":{"line":112,"column":4},"end":{"line":114,"column":6}},"18":{"start":{"line":115,"column":4},"end":{"line":115,"column":45}},"19":{"start":{"line":116,"column":4},"end":{"line":116,"column":45}},"20":{"start":{"line":120,"column":4},"end":{"line":120,"column":38}},"21":{"start":{"line":124,"column":4},"end":{"line":124,"column":37}},"22":{"start":{"line":128,"column":24},"end":{"line":128,"column":34}},"23":{"start":{"line":129,"column":24},"end":{"line":129,"column":34}},"24":{"start":{"line":130,"column":17},"end":{"line":130,"column":47}},"25":{"start":{"line":131,"column":18},"end":{"line":131,"column":20}},"26":{"start":{"line":132,"column":19},"end":{"line":132,"column":57}},"27":{"start":{"line":133,"column":4},"end":{"line":135,"column":5}},"28":{"start":{"line":134,"column":6},"end":{"line":134,"column":40}},"29":{"start":{"line":136,"column":4},"end":{"line":185,"column":6}}},"fnMap":{"0":{"name":"(anonymous_0)","decl":{"start":{"line":109,"column":2},"end":{"line":109,"column":3}},"loc":{"start":{"line":109,"column":21},"end":{"line":117,"column":3}},"line":109},"1":{"name":"(anonymous_1)","decl":{"start":{"line":119,"column":2},"end":{"line":119,"column":3}},"loc":{"start":{"line":119,"column":13},"end":{"line":121,"column":3}},"line":119},"2":{"name":"(anonymous_2)","decl":{"start":{"line":123,"column":2},"end":{"line":123,"column":3}},"loc":{"start":{"line":123,"column":13},"end":{"line":125,"column":3}},"line":123},"3":{"name":"(anonymous_3)","decl":{"start":{"line":127,"column":2},"end":{"line":127,"column":3}},"loc":{"start":{"line":127,"column":11},"end":{"line":186,"column":3}},"line":127}},"branchMap":{"0":{"loc":{"start":{"line":133,"column":4},"end":{"line":135,"column":5}},"type":"if","locations":[{"start":{"line":133,"column":4},"end":{"line":135,"column":5}},{"start":{"line":133,"column":4},"end":{"line":135,"column":5}}],"line":133},"1":{"loc":{"start":{"line":160,"column":16},"end":{"line":160,"column":71}},"type":"cond-expr","locations":[{"start":{"line":160,"column":36},"end":{"line":160,"column":64}},{"start":{"line":160,"column":67},"end":{"line":160,"column":71}}],"line":160},"2":{"loc":{"start":{"line":161,"column":16},"end":{"line":161,"column":70}},"type":"cond-expr","locations":[{"start":{"line":161,"column":38},"end":{"line":161,"column":63}},{"start":{"line":161,"column":66},"end":{"line":161,"column":70}}],"line":161},"3":{"loc":{"start":{"line":162,"column":16},"end":{"line":162,"column":75}},"type":"cond-expr","locations":[{"start":{"line":162,"column":38},"end":{"line":162,"column":68}},{"start":{"line":162,"column":71},"end":{"line":162,"column":75}}],"line":162},"4":{"loc":{"start":{"line":165,"column":11},"end":{"line":179,"column":21}},"type":"cond-expr","locations":[{"start":{"line":166,"column":14},"end":{"line":171,"column":21}},{"start":{"line":172,"column":14},"end":{"line":179,"column":21}}],"line":165},"5":{"loc":{"start":{"line":176,"column":17},"end":{"line":178,"column":69}},"type":"cond-expr","locations":[{"start":{"line":177,"column":18},"end":{"line":177,"column":22}},{"start":{"line":178,"column":18},"end":{"line":178,"column":69}}],"line":176}},"s":{"0":1,"1":1,"2":1,"3":1,"4":1,"5":1,"6":1,"7":1,"8":1,"9":1,"10":1,"11":1,"12":1,"13":1,"14":1,"15":1,"16":11,"17":11,"18":11,"19":11,"20":1,"21":0,"22":12,"23":12,"24":12,"25":12,"26":12,"27":12,"28":0,"29":12},"f":{"0":11,"1":1,"2":0,"3":12},"b":{"0":[0,12],"1":[9,3],"2":[9,3],"3":[9,3],"4":[11,1],"5":[0,1]},"_coverageSchema":"43e27e138ebf9cfc5966b082cf9a028302ed4184","hash":"cde2ea8bc644b70443914d25dfa79d526ad24740"}
,"/Users/simonchan/Desktop/HR/description-module/client/src/components/rating.jsx": {"path":"/Users/simonchan/Desktop/HR/description-module/client/src/components/rating.jsx","statementMap":{"0":{"start":{"line":4,"column":18},"end":{"line":4,"column":94}},"1":{"start":{"line":5,"column":18},"end":{"line":5,"column":27}},"2":{"start":{"line":7,"column":19},"end":{"line":13,"column":1}},"3":{"start":{"line":15,"column":21},"end":{"line":20,"column":1}},"4":{"start":{"line":22,"column":13},"end":{"line":25,"column":1}},"5":{"start":{"line":27,"column":15},"end":{"line":37,"column":1}},"6":{"start":{"line":28,"column":2},"end":{"line":36,"column":8}}},"fnMap":{"0":{"name":"(anonymous_0)","decl":{"start":{"line":27,"column":15},"end":{"line":27,"column":16}},"loc":{"start":{"line":28,"column":2},"end":{"line":36,"column":8}},"line":28}},"branchMap":{},"s":{"0":1,"1":1,"2":1,"3":1,"4":1,"5":1,"6":1},"f":{"0":1},"b":{},"_coverageSchema":"43e27e138ebf9cfc5966b082cf9a028302ed4184","hash":"c23996933cc519d800bc0cafdd9d8c658c7fef9d"}
,"/Users/simonchan/Desktop/HR/description-module/client/src/components/selfcheckin.jsx": {"path":"/Users/simonchan/Desktop/HR/description-module/client/src/components/selfcheckin.jsx","statementMap":{"0":{"start":{"line":4,"column":18},"end":{"line":4,"column":94}},"1":{"start":{"line":5,"column":18},"end":{"line":5,"column":27}},"2":{"start":{"line":7,"column":19},"end":{"line":13,"column":1}},"3":{"start":{"line":15,"column":21},"end":{"line":19,"column":1}},"4":{"start":{"line":21,"column":13},"end":{"line":24,"column":1}},"5":{"start":{"line":26,"column":20},"end":{"line":36,"column":1}},"6":{"start":{"line":27,"column":2},"end":{"line":35,"column":8}}},"fnMap":{"0":{"name":"(anonymous_0)","decl":{"start":{"line":26,"column":20},"end":{"line":26,"column":21}},"loc":{"start":{"line":27,"column":2},"end":{"line":35,"column":8}},"line":27}},"branchMap":{},"s":{"0":1,"1":1,"2":1,"3":1,"4":1,"5":1,"6":1},"f":{"0":1},"b":{},"_coverageSchema":"43e27e138ebf9cfc5966b082cf9a028302ed4184","hash":"907f4a9d9c162e6a36a350055fb2c12874168f4d"}
,"/Users/simonchan/Desktop/HR/description-module/client/src/components/superhost.jsx": {"path":"/Users/simonchan/Desktop/HR/description-module/client/src/components/superhost.jsx","statementMap":{"0":{"start":{"line":4,"column":18},"end":{"line":4,"column":94}},"1":{"start":{"line":5,"column":18},"end":{"line":5,"column":27}},"2":{"start":{"line":7,"column":19},"end":{"line":13,"column":1}},"3":{"start":{"line":15,"column":21},"end":{"line":19,"column":1}},"4":{"start":{"line":21,"column":13},"end":{"line":23,"column":1}},"5":{"start":{"line":25,"column":18},"end":{"line":35,"column":1}},"6":{"start":{"line":26,"column":2},"end":{"line":34,"column":8}}},"fnMap":{"0":{"name":"(anonymous_0)","decl":{"start":{"line":25,"column":18},"end":{"line":25,"column":19}},"loc":{"start":{"line":26,"column":2},"end":{"line":34,"column":8}},"line":26}},"branchMap":{},"s":{"0":1,"1":1,"2":1,"3":1,"4":1,"5":1,"6":1},"f":{"0":1},"b":{},"_coverageSchema":"43e27e138ebf9cfc5966b082cf9a028302ed4184","hash":"b4a89b2d390fd43e0e29aa8c4e1c461799e5eb15"}
}
