TN:
SF:/Users/simonchan/Desktop/HR/description-module/client/src/index.jsx
FNF:0
FNH:0
DA:5,0
LF:1
LH:0
BRF:0
BRH:0
end_of_record
TN:
SF:/Users/simonchan/Desktop/HR/description-module/client/src/components/app.jsx
FN:6,(anonymous_0)
FN:15,(anonymous_1)
FN:19,(anonymous_2)
FN:25,(anonymous_3)
FN:26,(anonymous_4)
FN:30,(anonymous_5)
FNF:6
FNH:4
FNDA:2,(anonymous_0)
FNDA:2,(anonymous_1)
FNDA:2,(anonymous_2)
FNDA:0,(anonymous_3)
FNDA:0,(anonymous_4)
FNDA:3,(anonymous_5)
DA:7,2
DA:9,2
DA:16,2
DA:20,2
DA:21,2
DA:22,2
DA:25,0
DA:26,0
DA:31,3
DA:32,3
LF:10
LH:8
BRDA:34,0,0,1
BRDA:34,0,1,2
BRF:2
BRH:2
end_of_record
TN:
SF:/Users/simonchan/Desktop/HR/description-module/client/src/components/main.jsx
FN:109,(anonymous_0)
FN:119,(anonymous_1)
FN:123,(anonymous_2)
FN:127,(anonymous_3)
FNF:4
FNH:3
FNDA:11,(anonymous_0)
FNDA:1,(anonymous_1)
FNDA:0,(anonymous_2)
FNDA:12,(anonymous_3)
DA:7,1
DA:8,1
DA:10,1
DA:21,1
DA:30,1
DA:38,1
DA:43,1
DA:49,1
DA:56,1
DA:63,1
DA:71,1
DA:77,1
DA:83,1
DA:90,1
DA:94,1
DA:101,1
DA:110,11
DA:112,11
DA:115,11
DA:116,11
DA:120,1
DA:124,0
DA:128,12
DA:129,12
DA:130,12
DA:131,12
DA:132,12
DA:133,12
DA:134,0
DA:136,12
LF:30
LH:28
BRDA:133,0,0,0
BRDA:133,0,1,12
BRDA:160,1,0,9
BRDA:160,1,1,3
BRDA:161,2,0,9
BRDA:161,2,1,3
BRDA:162,3,0,9
BRDA:162,3,1,3
BRDA:165,4,0,11
BRDA:165,4,1,1
BRDA:176,5,0,0
BRDA:176,5,1,1
BRF:12
BRH:10
end_of_record
TN:
SF:/Users/simonchan/Desktop/HR/description-module/client/src/components/rating.jsx
FN:27,(anonymous_0)
FNF:1
FNH:1
FNDA:1,(anonymous_0)
DA:4,1
DA:5,1
DA:7,1
DA:15,1
DA:22,1
DA:27,1
DA:28,1
LF:7
LH:7
BRF:0
BRH:0
end_of_record
TN:
SF:/Users/simonchan/Desktop/HR/description-module/client/src/components/selfcheckin.jsx
FN:26,(anonymous_0)
FNF:1
FNH:1
FNDA:1,(anonymous_0)
DA:4,1
DA:5,1
DA:7,1
DA:15,1
DA:21,1
DA:26,1
DA:27,1
LF:7
LH:7
BRF:0
BRH:0
end_of_record
TN:
SF:/Users/simonchan/Desktop/HR/description-module/client/src/components/superhost.jsx
FN:25,(anonymous_0)
FNF:1
FNH:1
FNDA:1,(anonymous_0)
DA:4,1
DA:5,1
DA:7,1
DA:15,1
DA:21,1
DA:25,1
DA:26,1
LF:7
LH:7
BRF:0
BRH:0
end_of_record
